{
  "0 debug pnpm:scope": {
    "selected": 1
  },
  "1 info pnpm": {
    "err": {
      "name": "Error",
      "message": "not found: cypress",
      "code": "ENOENT",
      "stack": "Error: not found: cypress\n    at getNotFoundError (/opt/homebrew/Cellar/pnpm/6.31.0/libexec/lib/node_modules/pnpm/dist/pnpm.cjs:41555:51)\n    at Function.whichSync [as sync] (/opt/homebrew/Cellar/pnpm/6.31.0/libexec/lib/node_modules/pnpm/dist/pnpm.cjs:41632:13)\n    at getCommandAbsolutePathSync (/opt/homebrew/Cellar/pnpm/6.31.0/libexec/lib/node_modules/pnpm/dist/pnpm.cjs:43197:44)\n    at default_1 (/opt/homebrew/Cellar/pnpm/6.31.0/libexec/lib/node_modules/pnpm/dist/pnpm.cjs:43206:32)\n    at /opt/homebrew/Cellar/pnpm/6.31.0/libexec/lib/node_modules/pnpm/dist/pnpm.cjs:178093:39"
    }
  },
  "2 error pnpm": {
    "code": "ERR_PNPM_RECURSIVE_EXEC_FIRST_FAIL",
    "prefix": "/Users/litefarmresearchassistant/Workspace/LiteFarm/packages/webapp",
    "err": {
      "name": "pnpm",
      "message": "not found: cypress",
      "code": "ERR_PNPM_RECURSIVE_EXEC_FIRST_FAIL",
      "stack": "Error: not found: cypress\n    at getNotFoundError (/opt/homebrew/Cellar/pnpm/6.31.0/libexec/lib/node_modules/pnpm/dist/pnpm.cjs:41555:51)\n    at Function.whichSync [as sync] (/opt/homebrew/Cellar/pnpm/6.31.0/libexec/lib/node_modules/pnpm/dist/pnpm.cjs:41632:13)\n    at getCommandAbsolutePathSync (/opt/homebrew/Cellar/pnpm/6.31.0/libexec/lib/node_modules/pnpm/dist/pnpm.cjs:43197:44)\n    at default_1 (/opt/homebrew/Cellar/pnpm/6.31.0/libexec/lib/node_modules/pnpm/dist/pnpm.cjs:43206:32)\n    at /opt/homebrew/Cellar/pnpm/6.31.0/libexec/lib/node_modules/pnpm/dist/pnpm.cjs:178093:39"
    }
  }
}